2017-08-09 21:57:02,new chat started,69668132
2017-08-09 22:35:04,patti,69668132
2017-08-09 22:35:24,2396,69668132
2017-08-09 22:35:53,Patti,69668132
2017-08-09 22:36:06,2620,69668132
2017-08-09 22:53:16,new chat started,69668132
2017-08-09 22:53:20,new chat started,69668132
2017-08-09 22:53:24,new chat started,69668132
2017-08-09 22:53:32,new chat started,69668132
2017-08-09 22:53:48,new chat started,69668132
2017-08-09 22:54:12,new chat started,69668132
2017-08-09 22:55:31,new chat started,69668132
2017-08-09 22:57:01,new chat started,69668132
2017-08-09 22:58:04,new chat started,69668132
2017-08-09 23:09:13,3867,69668132
2017-08-09 23:13:34,Ricerca,128788607
2017-08-09 23:13:42,sendpositiondirect,128788607
2017-08-09 23:13:52,sendpositiondirect,128788607
2017-08-09 23:14:03,new chat started,128788607
2017-08-09 23:14:44,3573,128788607
2017-08-09 23:17:13,sendpositiondirect,128788607
2017-08-09 23:17:42,sendpositiondirect,128788607
2017-08-09 23:18:58,5535,128788607
2017-08-09 23:20:09,new chat started,128788607
2017-08-10 07:11:05,ricercainfo,69668132
2017-08-10 07:11:10,Astor,69668132
2017-08-10 07:11:27,2773,69668132
2017-08-10 07:20:50,new chat started,128575531
2017-08-10 07:21:20,sendpositiondirect,128575531
2017-08-10 07:22:07,ricercainfo,128575531
2017-08-10 07:22:13,new chat started,128575531
2017-08-10 07:34:01,new chat started,9987265
2017-08-10 07:50:27,ricercainfo,69668132
2017-08-10 07:50:43,xenia,69668132
2017-08-10 07:51:06,3766,69668132
2017-08-10 07:57:24,new chat started,128788607
2017-08-10 07:57:51,sendpositiondirect,128788607
2017-08-10 07:58:03,Marineo,128788607
2017-08-10 07:58:13,6218,128788607
2017-08-10 08:04:19,new chat started,69668132
2017-08-10 08:04:48,2810,69668132
2017-08-10 08:27:09,new chat started,28519072
2017-08-10 08:28:39,1426,28519072
2017-08-10 08:31:49,new chat started,375951573
2017-08-10 08:32:09,Trabia,375951573
2017-08-10 08:32:19,5406,375951573
2017-08-10 08:36:42,new chat started,138427594
2017-08-10 08:37:45,raffadali,138427594
2017-08-10 08:38:03,4019,138427594
2017-08-10 08:38:32,castronovo,138427594
2017-08-10 08:38:49,Castronovo di Sicilia,138427594
2017-08-10 08:39:00,new chat started,143645120
2017-08-10 08:39:10,Castronuovo,138427594
2017-08-10 08:39:26,Castronuovo di Sicilia,138427594
2017-08-10 08:39:38,new chat started,138427594
2017-08-10 08:39:55,castronovo,138427594
2017-08-10 08:40:07,286,143645120
2017-08-10 08:40:11,castronuovo,138427594
2017-08-10 08:41:25,sendpositiondirect,69668132
2017-08-10 08:41:28,sendpositiondirect,69668132
2017-08-10 08:41:48,sendpositiondirect,69668132
2017-08-10 08:43:14,sendpositiondirect,69668132
2017-08-10 08:43:17,sendpositiondirect,69668132
2017-08-10 08:44:10,new chat started,69668132
,Lecce,69668132
2017-08-10 08:45:45,113,69668132
2017-08-10 08:52:06,new chat started,22366256
2017-08-10 08:53:03,817,22366256
2017-08-10 09:06:25,new chat started,365144781
2017-08-10 09:07:54,1275,365144781
2017-08-10 10:09:53,new chat started,61692644
2017-08-10 10:09:55,new chat started,61692644
2017-08-10 10:21:15,new chat started,61692644
2017-08-10 11:10:37,new chat started,115578024
2017-08-10 11:11:13,Santa Rita,115578024
2017-08-10 11:11:55,Santa Rita,115578024
2017-08-10 11:12:18,Caltanisetta,115578024
2017-08-10 11:13:09,2793,115578024
2017-08-10 12:10:23,new chat started,210845488
2017-08-10 12:11:34,ricercainfo,210845488
2017-08-10 12:11:42,new chat started,210845488
2017-08-10 12:18:30,new chat started,21143939
2017-08-10 12:19:15,Misterbianco,21143939
2017-08-10 12:19:44,4271,21143939
2017-08-10 12:20:03,Valcorrente,21143939
,San Pietro Clarenza,21143939
2017-08-10 12:21:03,4406,21143939
2017-08-10 12:31:50,new chat started,352618357
2017-08-10 12:33:07,2568,352618357
2017-08-10 12:33:29,4632,352618357
2017-08-10 13:59:01,new chat started,69668132
2017-08-10 14:42:50,new chat started,12294940
2017-08-10 14:47:55,new chat started,12294940
2017-08-10 14:54:33,new chat started,54437977
2017-08-10 15:01:00,new chat started,115029218
,,115029218
2017-08-10 15:03:49,Giardini-naxos,115029218
2017-08-10 15:04:55,2665,115029218
2017-08-10 15:07:41,,54437977
2017-08-10 15:15:17,new chat started,162642997
2017-08-10 15:15:56,Palma di Montechiaro,162642997
2017-08-10 15:17:02,369,162642997
2017-08-10 15:30:02,new chat started,54437977
2017-08-10 15:49:51,new chat started,210845488
2017-08-10 16:01:20,new chat started,218073420
2017-08-10 16:02:34,new chat started,218073420
2017-08-10 16:02:51,aaa,218073420
2017-08-10 16:03:31,4420,218073420
2017-08-10 16:04:11,2301,218073420
2017-08-10 16:05:41,2581,218073420
2017-08-10 16:44:52,new chat started,69668132
2017-08-10 16:52:47,new chat started,81630067
2017-08-10 16:53:22,new chat started,69668132
2017-08-10 16:54:04,Geraci siculo,81630067
2017-08-10 16:54:34,466,81630067
2017-08-10 16:54:48,new chat started,81630067
2017-08-10 17:52:34,new chat started,32948644
2017-08-10 17:52:42,new chat started,133002884
2017-08-10 17:53:14,1659,32948644
2017-08-10 17:53:29,1659,133002884
2017-08-10 17:54:59,new chat started,162802506
2017-08-10 17:56:35,2014,162802506
2017-08-10 18:01:35,new chat started,69111811
2017-08-10 18:03:12,new chat started,126491576
2017-08-10 18:03:58,68,126491576
2017-08-10 18:06:32,new chat started,14383798
2017-08-10 18:07:01,ricercainfo,14383798
2017-08-10 18:07:19,Acitrezza,14383798
2017-08-10 18:15:42,new chat started,69668132
2017-08-10 18:19:57,new chat started,171053747
2017-08-10 18:20:49,Aci Catena,171053747
2017-08-10 18:21:08,2562,171053747
2017-08-10 18:21:26,new chat started,171053747
2017-08-10 18:21:33,ricercainfo,171053747
2017-08-10 18:22:13,giardini,171053747
2017-08-10 18:22:28,4483,171053747
2017-08-10 18:23:38,new chat started,318450147
2017-08-10 18:26:41,ricercainfo,318450147
2017-08-10 18:27:00,naxos,318450147
2017-08-10 18:27:30,3110,318450147
2017-08-10 18:34:33,new chat started,318450147
2017-08-10 18:36:05,new chat started,193802984
2017-08-10 18:36:58,new chat started,210723285
2017-08-10 18:37:19,1610,193802984
2017-08-10 18:37:33,ricercainfo,193802984
2017-08-10 18:37:45,new chat started,35394212
2017-08-10 18:38:25,232,210723285
2017-08-10 18:39:41,Palermo teatro massimo,35394212
2017-08-10 18:41:08,new chat started,160466250
2017-08-10 18:50:16,new chat started,20318687
2017-08-10 18:50:37,new chat started,20318687
2017-08-10 19:01:23,new chat started,164747325
2017-08-10 19:01:59,new chat started,147982204
2017-08-10 19:02:17,Castellamare,147982204
2017-08-10 19:02:30,ricercainfo,147982204
2017-08-10 19:03:22,221,147982204
2017-08-10 19:15:25,new chat started,69668132
2017-08-10 20:53:23,new chat started,80236908
2017-08-10 21:05:11,new chat started,18739367
2017-08-10 21:05:44,Marzamemi,18739367
2017-08-10 21:06:10,4546,18739367
2017-08-10 21:15:19,new chat started,187432103
2017-08-10 21:17:01,new chat started,107542985
2017-08-10 21:36:47,new chat started,129051456
2017-08-10 21:37:11,san fratello,129051456
2017-08-10 21:39:02,castel di russ,129051456
2017-08-10 21:39:14,Castel di Tusa,129051456
2017-08-10 21:39:32,531,129051456
2017-08-10 21:42:01,partinico,129051456
2017-08-10 21:42:51,bonagia,129051456
2017-08-10 21:43:15,sanfratello,129051456
2017-08-10 21:43:36,campofelice di roccella,129051456
2017-08-10 21:43:48,Brucoli,133002884
2017-08-10 21:44:03,2569,133002884
2017-08-10 21:44:15,6198,129051456
2017-08-10 21:44:21,2628,133002884
,Anzio,129051456
,Gela,129051456
,Castel di Lucio,129051456
2017-08-10 21:46:56,tusa,129051456
,Trento,129051456
,Borgetto,129051456
2017-08-10 21:49:50,183,129051456
2017-08-10 21:50:28,rifugio,129051456
2017-08-10 21:50:50,rifugio,129051456
2017-08-10 21:50:57,new chat started,129051456
2017-08-10 21:50:58,ricercainfo,129051456
2017-08-10 21:51:12,rifugio,129051456
2017-08-10 21:51:34,5636,129051456
2017-08-10 22:22:09,new chat started,86245883
2017-08-10 22:22:27,,86245883
2017-08-10 22:23:07,509,86245883
2017-08-10 22:23:22,new chat started,86245883
2017-08-10 22:23:57,ricercainfo,86245883
2017-08-10 22:24:09,corso,86245883
2017-08-10 22:29:29,new chat started,133803859
2017-08-10 22:54:37,new chat started,286554919
2017-08-10 23:27:00,Menfi,128788607
2017-08-10 23:27:21,260,128788607
2017-08-10 23:33:37,new chat started,33271719
2017-08-10 23:47:42,castel di tusa,69668132
2017-08-10 23:53:52,new chat started,97808416
2017-08-10 23:54:54,5317,97808416
2017-08-11 00:12:00,atelier,69668132
2017-08-11 08:25:39,new chat started,209255509
2017-08-11 08:41:27,new chat started,144231005
,Bernalda,144231005
2017-08-11 09:02:18,new chat started,69668132
2017-08-11 09:02:19,new chat started,69668132
2017-08-11 09:02:19,new chat started,69668132
2017-08-11 09:02:19,new chat started,69668132
2017-08-11 09:02:19,new chat started,69668132
2017-08-11 09:02:19,new chat started,69668132
2017-08-11 09:02:19,new chat started,69668132
2017-08-11 09:02:19,new chat started,69668132
2017-08-11 09:02:19,new chat started,69668132
2017-08-11 09:02:20,new chat started,69668132
2017-08-11 09:02:20,new chat started,69668132
2017-08-11 09:02:23,new chat started,69668132
2017-08-11 09:02:47,new chat started,69668132
2017-08-11 09:03:39,new chat started,69668132
2017-08-11 09:04:02,new chat started,69668132
2017-08-11 09:21:17,new chat started,69668132
2017-08-11 09:40:03,new chat started,57644096
2017-08-11 09:40:52,4765,57644096
2017-08-11 09:44:14,new chat started,30038398
2017-08-11 09:45:29,aidone,30038398
2017-08-11 09:45:55,Aidone,30038398
2017-08-11 09:46:17,2646,30038398
2017-08-11 09:52:42,new chat started,426400421
2017-08-11 09:53:18,new chat started,426400421
2017-08-11 09:54:00,ricercainfo,426400421
2017-08-11 09:55:22,29,426400421
2017-08-11 10:04:38,448,126491576
2017-08-11 10:07:35,new chat started,128788607
2017-08-11 10:28:36,new chat started,196295039
2017-08-11 10:30:01,Fontane bianche,196295039
2017-08-11 10:30:22,294,196295039
2017-08-11 10:36:49,Misterbianco,196295039
2017-08-11 10:37:13,67,33271719
2017-08-11 10:38:31,Riserva dello zingaro,196295039
2017-08-11 10:38:51,Siracusa riserva naturale,196295039
2017-08-11 10:52:22,new chat started,132099098
2017-08-11 11:11:44,new chat started,77113964
2017-08-11 11:11:57,ricercainfo,77113964
2017-08-11 11:12:03,Bagheria,77113964
2017-08-11 11:12:21,2256,77113964
2017-08-11 11:12:38,4522,77113964
2017-08-11 11:12:51,2254,77113964
2017-08-11 11:13:08,Gangi,77113964
2017-08-11 11:13:21,4577,77113964
2017-08-11 11:13:34,new chat started,18261059
2017-08-11 11:14:29,357,18261059
2017-08-11 11:14:50,ricercainfo,18261059
2017-08-11 11:14:52,new chat started,18261059
2017-08-11 11:15:09,new chat started,387290534
2017-08-11 11:15:41,new chat started,176713909
2017-08-11 11:15:59,Ortigia,176713909
,وادان,387290534
2017-08-11 11:19:11,1015,387290534
2017-08-11 11:29:23,93,176713909
2017-08-11 11:40:50,new chat started,43732355
2017-08-11 12:03:04,new chat started,289676936
2017-08-11 12:04:02,1266,289676936
2017-08-11 12:33:09,new chat started,169166961
2017-08-11 12:38:32,new chat started,168691837
2017-08-11 12:38:49,Naso,168691837
2017-08-11 12:39:07,6239,168691837
2017-08-11 12:44:52,new chat started,402736998
2017-08-11 12:45:41,2688,402736998
2017-08-11 12:46:00,2706,402736998
2017-08-11 12:52:46,new chat started,158659076
2017-08-11 13:02:57,new chat started,67236670
2017-08-11 13:06:43,3,67236670
2017-08-11 13:07:06,new chat started,67236670
2017-08-11 13:16:42,new chat started,18441738
2017-08-11 13:58:37,new chat started,371477551
2017-08-11 14:00:15,72,371477551
2017-08-11 14:00:36,91,371477551
2017-08-11 14:01:27,Ortigia,371477551
2017-08-11 14:02:35,B&b Agrigento,371477551
2017-08-11 14:28:17,pachino,43732355
2017-08-11 14:28:45,2138,43732355
2017-08-11 15:08:58,new chat started,132353269
2017-08-11 15:10:22,ricercainfo,132353269
2017-08-11 15:10:35,Sabbie nere,132353269
2017-08-11 15:11:02,Licuti,132353269
2017-08-11 15:11:15,new chat started,132353269
2017-08-11 15:19:52,new chat started,27966694
2017-08-11 15:20:48,91,27966694
2017-08-11 15:21:50,new chat started,131659965
2017-08-11 15:38:26,new chat started,177464453
2017-08-11 15:38:50,Montescaglioso,177464453
2017-08-11 15:39:09,Matera,177464453
2017-08-11 15:40:36,new chat started,26735874
2017-08-11 15:43:25,244,26735874
2017-08-11 15:47:56,new chat started,206398231
,Scorrano,206398231
2017-08-11 15:49:56,357,206398231
2017-08-11 16:30:12,new chat started,371800035
2017-08-11 18:04:17,Castelbuono,196295039
2017-08-11 18:04:28,ricercainfo,196295039
2017-08-11 18:04:37,ricercainfo,196295039
2017-08-11 18:04:51,Misterbianco,196295039
2017-08-11 19:39:11,new chat started,28915761
,Villarosa,132099098
2017-08-11 19:58:56,Furnari,28915761
2017-08-11 19:59:27,643,28915761
